Start testing: Dec 04 22:21 FLE Standard Time
----------------------------------------------------------
1/1 Testing: separatorTest.CheckOutput
1/1 Test: separatorTest.CheckOutput
Command: "C:/Users/Nazar/Documents/BEJ_decoder/build/tests/mytests.exe" "--gtest_filter=separatorTest.CheckOutput" "--gtest_also_run_disabled_tests"
Directory: C:/Users/Nazar/Documents/BEJ_decoder/build/tests
"separatorTest.CheckOutput" start time: Dec 04 22:21 FLE Standard Time
Output:
----------------------------------------------------------
Running main() from C:/Users/Nazar/Documents/BEJ_decoder/external/googletest/googletest/src/gtest_main.cc
Note: Google Test filter = separatorTest.CheckOutput
[==========] Running 1 test from 1 test suite.
[----------] Global test environment set-up.
[----------] 1 test from separatorTest
[ RUN      ] separatorTest.CheckOutput
[       OK ] separatorTest.CheckOutput (0 ms)
[----------] 1 test from separatorTest (0 ms total)

[----------] Global test environment tear-down
[==========] 1 test from 1 test suite ran. (0 ms total)
[  PASSED  ] 1 test.
<end of output>
Test time =   0.02 sec
----------------------------------------------------------
Test Passed.
"separatorTest.CheckOutput" end time: Dec 04 22:21 FLE Standard Time
"separatorTest.CheckOutput" time elapsed: 00:00:00
----------------------------------------------------------

End testing: Dec 04 22:21 FLE Standard Time
